pzs26ohyHU63XBpnRCSSBWzOwftPWbqxwF92CWuKiv1VyjIoMoTxGFyNhJJo/WO99dc4sYqNDuQhi7p8TUeS27/83rJdkYVlLY8AWaIFYbQa
9gA2ILhMbG2mmCXv0Zo889/4242Yog+Y1FQMv6lj2N23iAxpRuYQl1yK1XcIqlWRy9wKm27yKwzt1uHdHZUncLQJ
0aRfLNY9CuLA/wlWIp2NovaEJ1eNrSoBhh6IHc/VDwesVF1eWt65kPkuSkoYFZvhkQm2gJ9cU/lIlmdcdNDki7mXkHk3LESdVtL4E/xOvUPY3t07i/gC775GQ8jN0glpjWFvVLQt
m6tb8ilkrWHjSvR8sVPAHzHe5PvT78cgcdnVP5ldSWWkHx8aHX/Ntemwg0BOVRSlRuRRb28l1JRBTSVcOzqu3ahyWBdPYmB6teI6BHXTVswx70qb6xTiwnFJ0cXZN2yJfm1VtC4=
KpGATvS58Cf4b9+NgKu0DRd+YCxRRiViWuLBrAkSMvb4qeNdYbXOPF9gK8W4qh9glOycN0kr6MW3kDwhpm6ALxxyxX8o4qUHS0R6U076O3QtbnFVfV0XaLQR
WslvYU2ErdiYeaSBsW8hMwNa5PIeq3ADdE8tZlrmybgZBhoS2M3LiTHhBvgfpOOR6H63BDQINKPZv2BBNxS0tTb6KMu8Fm2reLZtwwuAsgceLhMQDYpZQW1JH2y0FQ==
hYImnGzj8lc0WD8y/u9LAnM1mRjFp93noeDaZE02kZyGhEg/f/eJC6qevwaHPwDEy7LEWmB9AfUsh/dWcHt+oPQd7CSZlQCcgeVrYpZpNtQvZj2YTV91QxNqtBc=
CJHPSqbeNghbrPtVIgmDxjHe5PvT78cgcdnVP5ldSWW/Hx8aHX/Ntemwg0BOVRSlRuRRb28l1JRBTSVcOzqu3ahyWBdPYmB6teI6BHXTVswx70qb6xTiwnFJ0cXZN2yJfm1VtC4=
vepfLCZ9CL5d7zKx7gduliqQgr5PBvfyhwt4H2+KivtkhGg5PImwchiHk4Jk0C21+J48s6qBGOQhi7p8TUee27/83rJdkYVlLY8AWaIFYbQa
CZ68tovcme+qphf9UYcDyA+ewy7QctQXm2e4PG6j4S089FFSWkiV6tFhsyP8Ln2jWH4dUooYQ0g+LwIozfLJyQ2BL3S0DQ==
A6h2QuySUfpVodptifeon009y4BfsXEuGi5DFjGezuFAVXmBjHjJ3trEDXVuyTHPnMIlD+gyxR5KVJsEDgNaxK0e0eU9jTd4tAE=
gKLPolTTnqskAwCaXdJeDSppy9cvmVEZQ08tZlrmybgZBhoS2M3LiTHhBvgfpOOR6H63BDQINKPZv2BBNxS0tTb6KMu8Fm2reLZtywqAswAeJxIQDYpZQW1JH2y0FQ==
JstsRrhI1TXVESbOKzS4JSkFhbdm5hhiED4MWyvL4NAOT3mBjHjJ3trEDWZhzSvPnMIlD+gyxRxPVJsEDgNaxK0e0eU9jTd4tAE=
r0i0UucMlR1ONSNX/9uIz23JlV9kWsqqijUMB8odVLff4rRwxW+qGgBtqelsUPnG2tw9XY6h4ffcOnWnSFo1hM/M6+yuq4q8bSaBDV2lB2C0GQ==
T9MSeb9YgdWTTQkvvvjR99J4EyYSiivTPHl2Ta36SiC+/wXvthtbVVrVoYi0hlxxOX1SBuFD7koL7xio8EjtoSNffDgBCxj7n/LLQeQiaqCc4mWvaJKF+080W6SOo5rkrf4Rhb1td1i0IQ==
AZ4HYpaCeraZHNwrGcEoUSkfg7V99BhiED4MWyvL4NAOT3mBjHjJ3trEDWZhzSvPnMIlD+gyxRlPVJsEDgNaxK0e0eU9jTd4tAE=
GH5KqPiIBC8MVeWCl/cTTG3JlUViWNG4ijUMB8odVLff4q52x3S4GgBtqelsUPnG2tw9XY6h4ffcOnWnSFo1gc/M6+yuq4q8bSaBDV2lB2C0GQ==
T8m7aZtnmOk9wg/l1Disol9Cv01iAHuF0ya31j4ss6NK3zlRnU+u0oM7Ck5qha//16KvhFdbKz8rgDcVXqiEHzPf04eluJSMkX+Qfx92QzV0loJEPIYNG7hmTboKcJRQXpfygI0a+bGtGX9ctCU=
NnC+3+fyzHI6QOAa9c0D4ogJseBRXOMfQWIZbW8y/Z/IEmCxEHyPaPTWAXG/y7kOOQw5ZNskm9aFgbgE2YqDo+z+cvkxVX425+fdHhM2yrKTwOKXxvtmAUw0GPBVgSzFl1B0g1lIsP/d8NTaQNNOGntBzjg+6QyIIdEQ4OlxLm5LisYBJlKd9DVbJf+7vrTb
jBCzzS6T4n6o54YmVlONC9G70I+EsA6KxURPr7Y22NeMyQs5SvgaglyK1XcIqlWWy9wOnG77Kgzt1uHdHZUncLQJ
O9W6CqHnzJZjKbN9xVp77DT2+FW7pmre2fVRTaACL1wk9CtvyLQv0x17daw7uqb0TzWHC7Lx4NELtHA=
DfvtFgKLGUNxh2sD7yCKdYYgOMJxdxrhIlhu8h+NTGCxiXBoGUCrRpoS5kmWql2cJYPF98sGtHM=
RfaKcjCLGOrAmvzNwVC2QBcoz/vJDbM/+iqOF+Q6ueYUV7yon6s/+ucrQ42ywdak6TvinCXXLF9HaHESDGDNpeXf+DmKNXm0Ag==
6NjRmtZfZkIQSYTRz3j2XUv23F5xXMaO+XpCS58LXqyNt48zi2OwKE53qelsUPnG2tw9ToGl+/fcOnWnSFo1js/M7uyuq4q8bSaBDV2lB2C0GQ==
4zn7Q/lBAQ2BHHwhM/jhaYgJseBRXOMfQWIZbW8y/Z/IEmCxEHyPaPTWAXG/y7kOOQw5ZNskm9aFgbgE2YqDo+z+cvkxVX425+fdHhM2yrKTwOKXxvtmAUw0GPBVgSzFl1B0g1lIsP/d8NTaQNNOGntBzjg+6QyIIdEQ4Ol+K25FisYBJlKd9DVbJf+7vrTb
4dUAye1J9t5eheHUUa8HKNG70I+EsA6KxURPr7Y22NeMyQs5SvgaglyK1XcIqlWQy9wBnG77Kgzt1uHdHZUncLQJ
VsVddgqn6f5Xm9eC2ja9CdwQhTciQTjkAUsa/O2Htt7fO7kyNVDlZU1PYNnCxQG0eg==
0uy1P1XkUxeMwq8d3oNvjzT2+FW7pmre2fVRTaACL1wk9CtvyLQv0xx+da87uqf0TzWHC7Lx4NELtHA=
FbUV343vhNWMrjByDVEWl4YgOMJxdxrhIlhu8h+NTGCxiXBoGUGuRpkS5kiWql2cJYPF98sGtHM=
5x5gHM2Y3b4XgT00BMdb8u3Gqw31jDM+uon+BXMQWs7wtWUvJQdpky/bDlCkP+wtk6yVAxsnDAn68zVKXpu4hRL0S69oNI+T/H5Vb1s6xzRvNWdLUnFAEWu0EA==
7ymsaM6IApV3vqInA/1I9Mi/MAxwmZ2oNBJexavzaz+nzwE7IEyqB+Ixndy7H3Uf4lW0M3sWsCPWGbyExTPmjAEPUp77M5WCieihRUmXPEmuDWW0Hg==
