OutgYJNv4AAzafTe0bMhbmzOwftPWbqxwF92CWuKiv1VyjIoMoTxGFyNhJJo/WO99dc4sYqNDuQhi7p8TUeU37/92bJWkIVgLY8AWaIFbbMI
xjZU4fAWytKZZclxyFPS4N/4242Yog+Y1FQMv6lj2N23iAxpRuYQl1yK1XcIqlWTz9wLnG75Kgzo1uHdHZUnfLMb
5/WEMxwn2RUg4cJGaSRPf/aEJ1eNrSoBhh6IHc/VDwesVF1eWt65kPkuSkoYFZvhkQm2gJ9cU/lIlmdcdNDki7mXkHk3LESdVtL4E/xOvUPY3t01j/gD6L5NQsjI0glpjWFvWLM/
q03PpTInA6EwH6KxFZx52THe5PvT78cgcdnVP5ldSWWkHx8aHX/Ntemwg0BOVRSlRuRRb28l1JRBTSVcOzqu3ahyWBdPYmB6teI6BHXTVswx70Sf6xXlwnpI0cDZN2yJfm1Zszw=
xGq2wJ6AMX6SOzyZiJj8sRd+YCxRRiViWuLBrAkSMvb4qeNdYbXOPF9gK8W4qh9glOycN0kr6MW3kDwhpm6ALxxyxX8o4qUJT0R7VE7xOnQobnFVfV0XZLMD
qvHQ1muPdHNWNsXNDXldGgNa5PIeq3ADdE8tZlrmybgZBhoS2M3LiTHhBvgfpOOR6H63BDQINKPZv2BBNxS0tTb6KMu8Fm2reLZtzQ+AswAeJRIQCIpZQW1JH2CzBw==
zhBdx+uboy3wgAtTqlnDY3M1mRjFp93noeDaZE02kZyGhEg/f/eJC6qevwaHPwDEy7LEWmB9AfUsh/dWcHt+oPQd7CSZlQCcgetvYpduNt8uZjiYTV91QxNmswU=
X9s3VHnAniHMcIVt2NCODDHe5PvT78cgcdnVP5ldSWW/Hx8aHX/Ntemwg0BOVRSlRuRRb28l1JRBTSVcOzqu3ahyWBdPYmB6teI6BHXTVswx70Sf6xXlwnpI0cDZN2yJfm1Zszw=
wwPiy9+y7itPC1kXS1HcfSqQgr5PBvfyhwt4H2+KivtkhGg5PImwchiHk4Jk0C21+J48s6qBGOQhi7p8TUeQ37/92bJWkIVgLY8AWaIFbbMI
iM6jd00cvhFtnSf2OA1IXg+ewy7QctQXm2e4PG6j4S089FFSWkiV6tFhsyP8Ln2jWH4dVYsYQkg+LQIoyPLJyQ2BL3izHw==
sWZjFNK/uNEinPAKt9+ZnU09y4BfsXEuGi5DFjGezuFAVXmBjHjJ3trEDXVuyTHPnMIlD+gyxRlLVJoEDgFaxKge0eU9jTd0sxM=
xqEXob312bs4rX0mQ2UIEikfg7V99BhiED4MWyvL4NAOT3mBjHjJ3trEDWZhzSvPnMIlD+gyxRdLVJoEDgFaxKge0eU9jTd0sxM=
sxzhLFlVpgrnp7z8iq9fNW3JlUViWNG4ijUMB8odVLff4q52x3S4GgBtqelsUPnG2tw9XY6h4ffcOnWnSFo1j8vM6uyuqYq8aCaBDV2lB2yzCw==
+0GR5ylvPxxHj4kfw45kQSgfg7V99BhiED4MWyvL4NAOT3mBjHjJ3trEDWZhzSvPnMIlD+gyxR5KVJoEDgFaxKge0eU9jTd0sxM=
Q9XxFRNzdHKq4/Up0cQoLW3JlUViWNG4ijUMB8odVLff4652x3S4GgBtqelsUPnG2tw9XY6h4ffcOnWnSFo1hsrM6uyuqYq8aCaBDV2lB2yzCw==
LAI7pB0o4LYT9iijf5N25Ssfg7V99BhiED4MWyvL4NAOT3mBjHjJ3trEDWZhzSvPnMIlD+gyxRxKVJoEDgFaxKge0eU9jTd0sxM=
fiXmvLNSYggDJZFjaj+Bo23JlUViWNG4ijUMB8odVLff4K52x3S4GgBtqelsUPnG2tw9XY6h4ffcOnWnSFo1hMrM6uyuqYq8aCaBDV2lB2yzCw==
iE9upg6dhv50hKvkhxheeT2PChHii7MWbSW14JERV1Cwkwqgu51ClRBvOobnFkprotCBl2E6uZfd9Sx9iFS3BzzkO+swuRlQr2qQ3FNQe2MmQVQJa7MO
7M7j3fJSgRRoTtJcL647Qippy9cvmVEZQ08tZlrmybgZBhoS2M3LiTHhBvgfpOOR6H63BDQINKPZv2BBNxS0tTb6KMu8Fm2reLZtyAmAsgAeJRIQCIpZQW1JH2CzBw==
VkTi81F89bnnbuBTRyuTs2JiRCFL8tSqYWgu6tmeKn9Of5ZozXNHR1vX2MzuE0Fd/KRxQlpYtboREROTfN4dE5gu/UKICCKYfp3iWEhCaTlNUQ9osw8=
9pnM8CdQS5zf8F+sq6yyUFNJVyFL8tSqYWgu6tmeKn9Nf5ZozXNHR1vX2MzuE0Fd/KRxQlpYtboREROTfN4dE5gu/UuICCKYfp3iWEhCaTlNUQ9osw8=
2CtMIM0UINkpLIFic6qp0ykFhbdm5hhiED4MWyvL4NAOT3mBjHjJ3trEDWZhzSvPnMIlD+gyxRlIVJ0EDgFaxKge0eU9jTd0sxM=
E3hDfynttwRcbp71sIFXUwiDopQaanuHmHFSp8hJf0BQFm3FxvSwP12/1IqFGBqe+RvGa605DEihkRCgab8orsnKxkOmkpg0tRslvztyswk=
dPhUlt1kdrtZzEo0CLdI3dJ4EyYSiiqIaWNhRrfrZyCI6jCuwHg7HVbV6M7Ilkdgdz9DC/t0/1Ee7Ezr+W25+BdcfDgBCxj7n/LLQeQiaqCc4mWvaJKF+080XaSOoZrkqP4Rhb1td1SzMw==
Tb0PQbxhGaMirK9Hx+1wBqtGnZPKl7lngn48dnMr20hSiLcwEqsS1MQXY4uyfPHpxsmM37axLlVyVEhPPRXkHidr47wjAfoFcH391vfNzk6A/8vZRuAvBMO0M59w1MfjXf+93xMa3MRXcD/bqtEIQU+zKg==
m9FGE1RcsSPJ+aYQlK581atGnZPKl7hngn48dnMr20hSiLcwEqsS1MQXY4uyfPHpxsmM37axLlVyVEhPPRXkLwx447wjAfoFcH391vfNzk6A/8vZRuAvBMO0M59w1MfjVf693xMa3MRXcD/bqtEIQU+zKg==
YSPKXdSlTlVdVpWxNQxu3oLKJzMlI3N/0m83SDzJkhSLsl8SSQH3AWUKwrJpfHep/5fNWhpvehgDCh0Qa9enZ9wQW7TCdi3R34mV0vCqqa1sod8sN2PcNG6qrAyJnSDU0UbuysEmFtc+Tngw3dfVC0NOsy0=
YlyHq7OCISbTfrb8jk5NfB7cm7RkGBSmhyP/IVVfHAa4D+I2r9YCO1rwqWd5OqHn9dVUrUAUf7dkBJN7zTqhxMbKSKybkDOzHiG8OXOzFg==
XiwKxUTmSj6oQJFwIH59z+VBxHYu2XhgXm8HkXUDSSPMjD/bo1N0cnueCsu0dtkxOnmVoY+KlZ3VvtSsih5+ClkM63fInHIp9bhQQ0lYMCsNUDGSCm4dVXRym7R4VNdH3GSbqxO6+RLI6jAcc1Bbo8bBNElLsy4=
R9MST/HYCJuBoLCjiW5IqdG70I+EsA6KxURPr7Y22NeMyQs5SvgaglyK1XcIqlWVytwIm275Kgzo1uHdHZUnfLMb
g9TQ8R5zu5/CRKI+vA9FlDT2+FW7pmre2fVRTaACL1wk9CtvyLQv0x56dao8uqT0TzCHC7Lx4NEHs2I=
vkVWajHMU9w/fYYVzGHtBYYgOMJxdxrhIlhu8h+NTGCxiXBoGUOqRpwV5kuWqlicJYPF98sKs2E=
G5CQX2FLSQhtcbWVDRg1SY09dukKSLoS3Bo1B8j6dabJ7ChLLglKnGhGQW3dxccMs2s=
j1sO/N9BcfzdCpxOBoLJNlqx+kifPJNZyHKlMnTwpCs591BZNwyE/dZyuDP8Ln2jWH4dUokYQE8+LQIoyPLJyQ2BL3izHw==
OxezhdGDYfpQ7OljHZvkuFqx+kifPJNZyHanPHTwpCs591BZNwyE/dZyuDP8Ln2jWH4dUokYQE8+LQIoyPLJyQ2BL3izHw==
qeXi3d9G6cZ+b4rg/7Hgz9G70I+EsA6KxURPr7Y22JWNzRY5SvgaglyK1XcIqlWWydwIm275Kgzo1uHdHZUnfLMb
NYOSPOSEI/9XpAxIxGV3GA+ewy7QctQXm2e4PG6j4S089FFSWkiV6tFhsyP8Ln2jWH4dVokYQE8+LQIoyPLJyQ2BL3izHw==
daS/9HcCw0Q3WR67HX5GD009y4BfsXEuGi5DFjGezuFAVXmBjHjJ3trEDXVuyTHPnMIlD+gyxRpJVJgDDgFaxKge0eU9jTd0sxM=
XORJI4rPDF8KmtJOrz6LMCkdibd/8AdiED4MWyvL4NAOT3mBjHjJ3trEDWZhzSvPnMIlD+gyxRhJVJgDDgFaxKge0eU9jTd0sxM=
Iroz82E0zvJ1s1l2DTo2bm3JlUdoWtO8lTUMB8odVLff4qx8xXa8BQBtqelsUPnG2tw9XY6h4ffcOnWnSFo1gMnM6OuuqYq8aCaBDV2lB2yzCw==
e311lP92CmHSRCWh3dAgwg+Lxy7QctQXm2e4PG6j4S089FFSWkiV6tFhsyP8Ln2jWH4dUIgYQE8+LQIoyPLJyQ2BL3izHw==
+e9SXqCmQJ5S3z5fdraWcU09y5VbsXEuGi5DFjGe2+VAVXmBjHjJ3trEDXVuyTHPnMIlD+gyxRxIVJgDDgFaxKge0eU9jTd0sxM=
3AAPqhlSqJs/lvmvbJV+PCkfg7d6/hliED4MWyvL4NAOT3mBjHjJ3trEDWZhzSvPnMIlD+gyxRpPVJgDDgFaxKge0eU9jTd0sxM=
uendrQiTjZNBm1LpuoG5T23JlUViWtayizUMB8odVLff4q52xXOyGwBtqelsUPnG2tw9XY6h4ffcOnWnSFo1gs/M6OuuqYq8aCaBDV2lB2yzCw==
HL8h8ElQ6NuJGOl2kcomsikfg7V99BhiED4MWyvL4NAOT3mBjHjJ3trEDWZhzSvPnMIlD+gyxRZOVJgDDgFaxKge0eU9jTd0sxM=
WhspTrv7duzIqwvkquyM423JlUViWNG4ijUMB8odVLff4q52x3S4GgBtqelsUPnG2tw9XY6h4ffcOnWnSFo1js7M6OuuqYq8aCaBDV2lB2yzCw==
ekTuT6sK34JKaxSXLMenhxZ8+7TKOrNgzVqOF+Q6ueYUV7yon6s/+ucrQ42ywdak6TvinCXXL15HbXYSDmDNoOXf+DmKNXWzEA==
+pYqHMNgvT8HKFnf61vOm2jhosBaPCXkgidbpsNLMlAIEWzD3eSwP12/1IqFGBqe+RvGa605DEihkRCgabgurs/NxkOmkpg0tRslvztyswk=
POeX5GtJo82XrI2De3dsDdN4EyYSiirTPHl2Ta36SiC+/wXvthtbT1zVvZC1hlxxOX1SBuFD7koL7xio8EjtoSNffDgBCxj7n/LLQeQiaqCc4mWvaJKF+E40W6OOoZrkqP4Rhb1td1SzMw==
rlZXQg2jY1UNG2+kQm/ROVSmdOxHYiD2vidD1J6Mc+C7LFl3zja/ZLHrSjydZ6LazxyOcuYwFeDd79AZkiV9sxg=
gf10e7/G6/LHkZ8VOVM/WRkg1ohvMgffWlSluprblPNCbBzL4u8HJPoU/2A3tL0HCn5jRI3jTiz5n+4ag6Qq4mK46YABpxQptj1xsxQ=
e74Oy98+O6EQMQ+M9YA6ngUoysFwJRbeFUP37NTVm/tDYF/A4u8HJPoU/2A3tL0HCn5jRI3jTiz5n+0ag6Qq4mK46YABpxQptj1xsxQ=
ItdL7oje3+euc/fzzaZhYwNb46QZaifFutF26U2jA6antAp26LkRYgDVdh5AFJLQ6y1EejxmzXs4ho3dCpDSN951suCIOrkRLbk/cLMX
eKsc3qyhJghhZ7yruW4r6SZ52xnPusrw5/v8Y1c0+diChEgtaPzTEabQvBWHOA/e1rCYWyVsGO8ayIBGdm5jp/gc7CSZlQCcgetqYpZpNt8uZjiYTV91QxNmswU=
4NMBFh/T14j43/l6JFPlU20EnqYvsmIkFmdLEnfA4tJIHXmWkGH+msCQGmR72SzenMIlD+gyxR5JVJoDDgFaxKge0eU9jTd0sxM=
CJc9hQzsu/wa+AHVj6QF7SZ52xnPusrw5/v8Y1c0+diChEgtaPzTEabQvBWHOA/e1rCYWyVsGO8ayIBGdm5jp/gc7CSZlQCcgexpYpZpNt8uZjiYTV91QxNmswU=
UlLWejGMRyKbquGFAm7Z9dN4EyYSiirTPHl2Ta36SiC+/wXvthtbT1zVvZC1hlxxOX1SBuFD7koL7xio8EjtoSNffDgBCxj/luXMQeQiaqCc4mWvaJKF/0g0WqOOoZrkqP4Rhb1td1SzMw==
590RoDOwLLPIVM7JDakQfAG4c/lcaFLo9idUyIe7N/rvO0ps1jy/ZLHrSjydZ6bYzxyOcuYwFeDd79AZkiV9sxg=
ZR/nEApj6WT7RwicAPxyuygfg7V99BhiED4MWyvL4NAOT3mBjHjJ3trEDWZhzSvPnMIlD+gyxRdIVJoDDgFaxKge0eU9jTd0sxM=
9CEfi7AeBTE8jLQGNdUoyW3JlUViWNG4ijUMB8odVLff4652x3S4GgBtqelsUPnG2tw9XY6h4ffcOnWnSFo1j8jM6uuuqYq8aCaBDV2lB2yzCw==
xavj4zvY2Uv05EiWJ8ALdCkFhbdm5hhiED4MWyvL4NAOT3mBjHjJ3trEDWZhzSvPnMIlD+gyxRZPVJoDDgFaxKge0eU9jTd0sxM=
7uFpq/1V1f2evgFGqtfxw23JlV9kWsqqijUMB8odVLff4rRwxW+qGgBtqelsUPnG2tw9XY6h4ffcOnWnSFo1js/M6uuuqYq8aCaBDV2lB2yzCw==
Nm5z8psBVoTdEQSJOdimMs3s/Ehaj+B4MwOLelOD/txilBPEHUMe7Mm/+h6TxNqisth5ALEHpOnm3QGzZA==
Fjq3yWRKcMNq6aBweb+Mow+ewy7QctQXm2e4PG6j4S089FFSWkiV6tFhsyP8Ln2jWH4dUI4YQk8+LQIoyPLJyQ2BL3izHw==
PmfuGrmrB2CkVcMCTqFhm009y4BfsXEuGi5DFjGezuFAVXmBjHjJ3trEDXVuyTHPnMIlD+gyxRxOVJoDDgFaxKge0eU9jTd0sxM=
Ob1ab6yEqG+OKQ/jT24wbdJ4EyYSiivTPHl2Ta36SiC+/wXvthtbVVrVoYi0hlxxOX1SBuFD7koL7xio8EjtoSNffDgBCxj7n/LLQeQiaqCc4mWvaJKF+040WqOOoZrkqP4Rhb1td1SzMw==
klgidUweRu/pX2Ya/XTFvl9Cv01iAHuF0ya31j4ss6NK3zlRnU+u0oM7Ck5qha//16KvhFdbKz8rgDcVXqiEHzHV0YWhp5SMkX+Qfx92QzV0loJEPIYNG7hmTb0OcJJXXpXygIga+bGtGX9Qszc=
uFF9+es06eVIF4RJ8PlaW835+Ehaj+B4MwOLelOD/txilBPEHUMe7Mm/+xmTw9qisth5ALEHpOnm3QGzZA==
tJliN9Uic0gNq2j2d/ZoWi0OrizDEEZNXVXMIVu3O4Tt6AfanrrM/UAzRxEX39qhqJftUa6OccZRZ+o9ZJ3JjoudYqYUf1+x6jDT3PfUJ6dsJOvLIrgJN/iqQLzD0MsDloFkaVuzPg==
zkaeny/I0NbwiH0zXBakU9J4EyYSiiuIaWNhRrfrZ3TK+RP4gl44HVbV6M7IlEdgdz9DC/t0/1Ee7Ezr+W25+BdcfDgBCxj7n/LLQeQiaqCc4mWvaJKF+U80XKOOoZrkqP4Rhb1td1SzMw==
pMhtz6hmIHpRN9CfuxtAIV9Cv01iAHuF0Sa31j4ss6NK3zlRnU+u0oM7Ck5qha//16KvhFdbKz8rgDcVXqiEHzPf04eluJSMkX+Qfx92QzV0loJEPIYNG7hmTbsOcJRXXpXygIga+bGtGX9Qszc=
VhHJljlWzVhCEWKQZc7/nB+pNCenivwhSyep4IERV1Cwkwqgu51ClRBvOobnFkprotCBl2E6uZfd9Sx9iFS3BzzkO+s0uxlVqGqQ3FNQe2MmQVQJa7MO
YViEi3b6DUMYeYcQQwZfSAUuzIpxJSaLFUX3/77i0qdIYl2GsO8QOOMju3pjo78dHnlyRI3jTiz5n+Mbg6Eq4mK46YABpxQptj1xsxQ=
RvNT4qdOAAxRNwXpNwHUQl9Cv01iAHuF0ya31j4ss6NK3zlRnU+u0oM7Ck5qha//16KvhFdbKz8rgDcVXqiEHzHV0YWhp5SMkX+QexZhRDV0loJEPIYNG7hmTbkJcJdXXpXygIga+bGtGX9Qszc=
syRd2SuAPwIIDnxGaAY6qgzF4c1AA2nU0XhUoOYEMAQYVSPJ3Mb+JV2/1IqFGBqe+QjJb7c5DEihkRCgabkursvNxkOmkpg0tRslvztyswk=
9/3tTRVkIauVFvevflVpNvgwxGdKiWA0o7ItGjWntsHJREwOH8Din8R4yJ/toVE4PozNSDpPQPjTQ6t6c0OcUsrD4sQ9g75sqX/aHnOBeiLSGBkAkUdEaUYdYbME
elbKeyqUbhhpRy//8+r0SSQOrizDEEEZTEnRFBPzCsq04yKVgYqJ8VdSVwoGkZi3s4bEQK+GYMZQZeA/ZpnWjoudYqYUf1+x6jDT3PfUJ6dsJOvLJb4JNfiqQLzD0MsDloFkaVuzPg==
G6+0SqMYMwlvDCvLALmxIOVEncJnCC8W2XJmTDpdfp0VbymzpzMaR2NgWBYSJneU5PW9j5Dlal/fBcSum9Jide47dZ/j6qm1kHJePxVlGJhxuF1ErSPurFlfzR5jYUpigviJgOHntKkWfVGzNA==
h4oNBV4Qui5qFQGmiuFzSfnop4oJw5QlVWQs0xlqg0MsHvIZ8bV+1icHXf7T1spSUyBidwYbZuGM1JgQlWEsJVew9GOZqLAfHRBUOoAzTvq7oU7Y/gkMaOExkAApni+OhW1G4+aymBT1u6Ufe1KzKQ==
yDJGClUh1GyST9VGCJiu4tG70I+EsA6KxURPr7Y22NeMyQs5SvgaglyK1XcIqlWQz9wBm275Kgzo1uHdHZUnfLMb
MxXgrwvyHKL8gJHm7kVZgzT2+FW7pmre2fVRTaACL1wk9CtvyLQv0xt/daM8uqT0TzCHC7Lx4NEHs2I=
2JACkWgRRjOFvcfZZeQjhYYgOMJxdxrhIlhu8h+NTGCxiXBoGUavRpUV5kuWqlicJYPF98sKs2E=
1ZcKQdpkCUh8qG/fiEJVbfp3LZhbSPygtUDE2+ydg/V04iGz0pKGeKc1dfyrRaDxLyRXTRNFN3QM3OPIwv/MpQvOfD3AEZ+SAPK7wNeagZSBn0F6GBhJvVJRloTlc4YM4c8xntv/MgIqKEFAKdfcyQ5NSbMs
N7XUhtCdn9U80SKjAlUiRXUYzboUQAN9oMDwWOABk2W0Il6ZxctEBg2cmgJBnDkDH51stPklwOyh/25yvRn2b072uAit7zWzM3azFQ==
zvgXQchz21WdXmEGoYSYA2zyx+APISbDy2tFpvQEMAQYVSPJ3Mb+JV2/1IqFGBqe+QjJb7c5DEihkRCgabsursXNxkOmkpg0tRslvztyswk=
xP1oZ2Q1EXJ+C5aRehyDBA7WqPV4HhS9vnH1BlUAK3a4D+I2r9YCO1rwqWd5OqHn9dVUrUAUf7dkBJN7yj6hy8DKSKybkDOzHiG8OXOzFg==
jMuEGxw/uz6BLIatP9mDyz/9u/V4HhS9vnH1BlUAK3a4D+I2r9YCO1rwqWd5OqHn9dVUrUAUf7dkBJN7yj6hy8DKSKybkDOzHiG8OXOzFg==
yn8K9GDvcso8naHrFBYIWikFhbdm5hhiED4MWyvL4NAOT3mBjHjJ3trEDWZhzSvPnMIlD+gyxR1OVJEDDgFaxKge0eU9jTd0sxM=
Sy+PGxCikHSw9teljsOHUFqx+kifPJNZyHanPHTwpCs591BZNwyE/dZyuDP8Ln2jWH4dUY4YSU8+LQIoyPLJyQ2BL3izHw==
MSNBMNXmWu4MjiPqe7Vf0Fqx+kifPJNZyHKlMnTwpCs591BZNwyE/dZyuDP8Ln2jWH4dUY4YSU8+LQIoyPLJyQ2BL3izHw==
0kFhiMWn1y2/bGKnH2QPfILKJzMlI3Z/0W83SDzJkhSLsl8SSQH3AWUKwrJpfHep/5fNWhpvehgDCh0Qa9enRfoubfHDORr33ZWVwvCqqa1spdY7MGPcNG6qrAyJnSDU0Ufuys0hFtc+Tngw3dfVC0NOsy0=
G+3pnwIUOIeYEbA0gS7VRC0OrizDEEZNXVXMIVu3O4Tt6AfanrrM/UAzRxEX39qhqJftUa6OccZRZ+o9ZJ3JjoudYqYQdki26jDT3PfUJ6dsJOvLIr4JO/iqQLzD0MsDloFkaVuzPg==
+Za77+6BpXzwKa3G4O9R1tJ4EyYSiiuIaWNhRrfrZ3TK+RP4gl44HVbV6M7IlEdgdz9DC/t0/1Ee7Ezr+W25+BdcfDgBCxj/luXMQeQiaqCc4mWvaJKF/U40UaOOoZrkqP4Rhb1td1SzMw==
pRTj0ejfh/34ctm0YZpcx19Cv01iAHuF0ia31j4ss6NK3zlRnU+u0oM7Ck5qha//16KvhFdbKz8rgDcVXqiEXy7Ozoalr5SMkX+QexZhRDV0loJEPIYNG7hmTbkOcJlXXpXygIga+bGtGX9Qszc=
jg9JO+QBJyjnFSvXkq9pPOVEncJnCC8W2XJmTDpdfp0VbymzpzMaR2NgWBYSJneU5PW9j5Dlal/fBcSum9Jide47dZ/j6qm1kHJaNgJiGJhxuF1ErSPurFlfyB5jb0pigviJgOHntKkWfVGzNA==
6J/xgvy5A89YGrpAev9iNpdW/wLJQ/Agt/t9Y47JX////zl11i4dZHk0Y79gFLdDhv7tM6RazCQH8M/72hGYIX+zGg==
3TXAShJBAfnI5rWIsA6pRhsZ/lsxSCzNkTa032M5tKNk2C909FirjdV4Vg4NyLPi2KO2klBBYTExrGwVTYvXWm7fyJqoxJSMkHaNeFpjTnxxnZtHPIYNG7hmTbwOcJFSXpTygIga+bGtGX9Qszc=
Z1/pr6uY/kSxDRG4rz6zQykdibd/8AdiED4MWyvL4NAOT3mBjHjJ3trEDWZhzSvPnMIlD+gyxRhOVJkGDgBaxKge0eU9jTd0sxM=
H0yOQpRwJ7l+NvOwidgE5k7U+dZKIGn07WlZpuQEMAQYVSPJ3Mb+JV2/1IqFGBqe+QjJb7c5DEihkRCgab4urs3IxkKmkpg0tRslvztyswk=
J9e3lsoxrArvI5iRDb16ohZ8+7TKOrNgzVqOF+Q6ueYUV7yon6s/+ucrQ42ywdak6TvinCXXKV5Hb3MSD2DNoOXf+DmKNXWzEA==
mY1go/cKms8We+Kvh20W7Cgfg7V99BhiED4MWyvL4NAOT3mBjHjJ3trEDWZhzSvPnMIlD+gyxRhOVJkGDgBaxKge0eU9jTd0sxM=
XWFu0rZBS9mvrhTACnBhjikFhbdm5hhiED4MWyvL4NAOT3mBjHjJ3trEDWZhzSvPnMIlD+gyxRhOVJkGDgBaxKge0eU9jTd0sxM=
DoAENeFPVGtt42B0kUjmv2kCkqh89A9iED4MWyvL4NAOT3mBjHjJ3trEDWZhzSvPnMIlD+gyxRhOVJkGDgBaxKge0eU9jTd0sxM=
sCUmayiF7MK0Y3aTEEIKuAzF4c1AA2nU0XhUoOYEMAQYVSPJ3Mb+JV2/1IqFGBqe+QjJb7c5DEihkRCgab4urs3IxkKmkpg0tRslvztyswk=
g+F34ubxkPEbpCwvjFSP1lqx+kifPJNZyHanPHTwpCs591BZNwyE/dZyuDP8Ln2jWH4dVI4YQUo+LAIoyPLJyQ2BL3izHw==
FmQq4XjIXvb5sDYF4F86llqx+kifPJNZyHKlMnTwpCs591BZNwyE/dZyuDP8Ln2jWH4dVI4YQUo+LAIoyPLJyQ2BL3izHw==
uk4S1medQH4WVsrbUsBFor2z5pxai8I2Q2440V5uqUM0DNF9rO0vgHxZDLuom9ZPXCAgNBsWJ/WH1cMmk3c+Fljl8W+F7ud2WEZZOdQ5Vr+470zA9hYMaOExkAApni6OjWhG4uaymBT1u6Ufe1KzKQ==
D11Ymg+Rmp+WXagDoCMtc4LKJzMlI3N/0m83SDzJkhSLsl8SSQH3AWUKwrJpfHep/5fNWhpvehgDCh0Qa9enZ9wQW7TCdi3R34mV0vCqqa1spdY7MGPcNG6qrAyJnSDU0ULuysUkFtY+Tngw3dfVC0NOsy0=
6Q2JLGlPDx1PInVdRmSigKtGnZPKl7hngn48dnMr20hSiLcwEqsS1MQXY4uyfPHpxsmM37axLlVyVEhPPRXkLwx447wjAfoFcH391vfNzk6E9tzeRuAvBMO0M59w1MfjU/692xEa3cRXcD/bqtEIQU+zKg==
DQLzVMHgS/VRHpt7KtO3XqtGnZPKl7lngn48dnMr20hSiLcwEqsS1MQXY4uyfPHpxsmM37axLlVyVEhPPRXkHidr47wjAfoFcH391vfNzk6E9tzeRuAvBMO0M59w1MfjU/692xEa3cRXcD/bqtEIQU+zKg==
6pkwJKM4sryLc4WP2Il5z5dW/wLJQ/Agt/t9Y47JX////zl11i4dZHk0Y79gFLdDg/7tO6FazSQH8M/72hGYIX+zGg==
njBupHj0yxDLpcgYUJSwAyQOrizDEEEZTEnRFBPzCsq04yKVgYqJ8VdSVwoGkZi3s4bEQK+GYMZQZeA/ZpnWjoudYqYUf1+x6jDT3PfUJ6dsJOvLILoJMv2qQbzD0MsDloFkaVuzPg==
fzpQxFqORFwiWyz3FtPM7tJ4EyYSiiuIaWNhRrfrZ3TK+RP4gl44HVbV6M7IlEdgdz9DC/t0/1Ee7Ezr+W25+BdcfDgBCxj/luXMQeQiaqCc4mWvaJKF+Us0W6aOoJrkqP4Rhb1td1SzMw==
YJX+wi8J044HY0HV13mtjNJ4EyYSiiuIaWNhRrfrZ3TK+RP4gl44HVbV6M7IlEdgdz9DC/t0/1Ee7Ezr+W25+BdcfDgBCxj/luXMQeQiaqCc4mWvaJKF+ko0W6aOoJrkqP4Rhb1td1SzMw==
fJQroDi5Byi/exl/rPoeA9J4EyYSiiuIaWNhRrfrZ3TK+RP4gl44HVbV6M7IlEdgdz9DC/t0/1Ee7Ezr+W25+BdcfDgBCxj7n/LLQeQiaqCc4mWvaJKF+0k0W6aOoJrkqP4Rhb1td1SzMw==
ggkpzupqooE7zZ3h8gdV8C0OrizDEEZNXVXMIVu3O4Tt6AfanrrM/UAzRxEX39qhqJftUa6OccZRZ+o9ZJ3JjoudYqYQdki26jDT3PfUJ6dsJOvLILgJMf2qQbzD0MsDloFkaVuzPg==
OGrg4vfcFWkt4VYal8uOkNJ4EyYSiiuIaWNhRrfrZ3TK+RP4gl44HVbV6M7IlEdgdz9DC/t0/1Ee7Ezr+W25+BdcfDgBCxj/luXMQeQiaqCc4mWvaJKF/E80W6aOoJrkqP4Rhb1td1SzMw==
NmCmSPypjQlyXMiuUJfDANJ4EyYSiiuIaWNhRrfrZ3TK+RP4gl44HVbV6M7IlEdgdz9DC/t0/1Ee7Ezr+W25+BdcfDgBCxj/luXMQeQiaqCc4mWvaJKF+k40W6aOoJrkqP4Rhb1td1SzMw==
JU6dCvtR02Fe3bMmaNQkpC0OrizDEEZNXVXMIVu3O4Tt6AfanrrM/UAzRxEX39qhqJftUa6OccZRZ+o9ZJ3JjoudYqYQdki26jDT3PfUJ6dsJOvLJ7sJMP2qQbzD0MsDloFkaVuzPg==
77P0uNUHhadnK+jF6bhbESghLBO9FDCv/Q8U2mVoGo7ZKYiz2tiM2AEh0PCJziu+7viGksZiGKQVq+Xv2wKzGQ==
HPvUVOPzkb1dHe/GtPPOy9J4EyYSiiuIaWNhRrfrZ3TK+RP4gl44HVbV6M7IlEdgdz9DC/t0/1Ee7Ezr+W25+BdcfDgBCxj/luXMQeQiaqCc4mWvaJKF+Us0WqaOoJrkqP4Rhb1td1SzMw==
j0jPX+BxJWN+SqzVegNJHF9Cv01iAHrehzyg3SQ9nqN8ygwQ6h37zJIqMBlW0eC62KCvhFdbKz8rgDcVXqiEHynZ0Zy3uJSMkX+Qfx92QzV0loJEPIYNG7hmTb0KcJJSXpTygIga+bGtGX9Qszc=
PifsDqOn5szSB+KJsphW0xZ8+7TKOrNgzVqOF+Q6ueYUV7yon6s/+ucrQ42ywdak6TvinCXXKVlHbHMSD2DNoOXf+DmKNXWzEA==
cgXKoV8NrM+10PgfNkCZmmjhosBaPCXkgidbpsNLMlAIEWzD3eSwP12/1IqFGBqe+RvGa605DEihkRCgab4prs7IxkKmkpg0tRslvztyswk=
cd1DolRpPuLhFBhJkjH4g1XwzFZzXMyN+XpCS58JVK6Ps5Azi2OwKE53qelsUPnG2tw9ToGl+/fcOnWnSFo1hc/M7O6uqIq8aCaBDV2lB2yzCw==
jZydsK++htLg5WmYtGR9+hfMBUkk56RoMo3o+dnoK53GnZ31REA7MuKx/eiJfeYI8Vu2ji3XBuXA/W12Jw3+LpD/2zl2oH+kUzSD/wCUFwNt/s39wdptZCfwrzt6kXhhX7M6
acQ+wlgwalAaQgvq4H5T8RfMBUkk56RoMo3o+dnoK53GnZ31REA7MuKx/eiJfeYI8Vu2ji3XBuXA/W12Jw3+LpT2zD52oH+kUzSD/wCUFwNj/838wdptZCfwrzt6kXhhX7M6
RG81Swq5bDuZHltaTLT5zBfMBUkk56RoMo3o+dnoK53GnZ31REA7MuKx/eiJfeYI8Vu2ji3XBuXA/W12Jw3+LpD/2zl2oH+kUzSD/wCUFwNk/s38wdptZCfwrzt6kXhhX7M6
wo6Fu4a+Hr0pBA7/sOfQ0Q+ewy7QctQXm2e4PG6j4S089FFSWkiV6tFhsyP8Ln2jWH4dUosYSUo+LAIoyPLJyQ2BL3izHw==
svaRSQAoW1hjZzCsPZ5YHE09y4BfsXEuGi5DFjGezuFAVXmBjHjJ3trEDXVuyTHPnMIlD+gyxR5LVJEGDgBaxKge0eU9jTd0sxM=
hRgWGv38Sk2rj29mc5IOaSgFhbdm5hhiED4MWyvL4NAOT3mBjHjJ3trEDWZhzSvPnMIlD+gyxRtKVJEGDgBaxKge0eU9jTd0sxM=
2hObW/oJJhL+B9CCB9Yzrm3JlV9kWsqqijUMB8odVLff47RwxW+qGgBtqelsUPnG2tw9XY6h4ffcOnWnSFo1g8rM4e6uqIq8aCaBDV2lB2yzCw==
MhEDXq28Vfxt0PVcuDE3etJ4EyYSiiqIaWNhRrfrZyCI6jCuwHg7HVbV6M7Ilkdgdz9DC/t0/1Ee7Ezq+W25+BdcfDgBCxj7n/LLQeQiaqCc4mWvaJKF/0k0UaaOoJrkqP4Rhb1td1SzMw==
+Wxj2lkgYsautlKebb3PcCkfg7V99BhiED4MWyvL4NAOT3mBjHjJ3trEDWZhzSvPnMIlD+gyxRdJVJEGDgBaxKge0eU9jTd0sxM=
TH8FMJuFV/9b5tmu3z/8HW3JlUViWNG4ijUMB8odVLff4q52x3S4GgBtqelsUPnG2tw9XY6h4ffcOnWnSFo1j8nM4e6uqIq8aCaBDV2lB2yzCw==
cZTjph0qoVD8M/ZIrJ11w19Cv01iAHrehzyg3SQ9nqN8ygwQ6x37zJIqMBlW0eC62KOvhFdbKz8rgDcVXqiEHinZ0Zy3uJSMkX+Qfx92QzV0loJEPIYNG7hmTb8IcJlSXpTygIga+bGtGX9Qszc=
L+iqUj1DFjhM3oZCjcctsl9Cv01iAHrehzyg3SQ9nqN8ygwQ6x37zJIqMBlW0eC62KOvhFdbKz8rgDcVXqiEHinZ0Zy3uJSMkX+QexZhRDV0loJEPIYNG7hmTbgLcJhSXpTygIga+bGtGX9Qszc=
cIyR154HW4xdO82Ha2NTiF9Cv01iAHrehzyg3SQ9nqN8ygwQ6x37zJIqMBlW0eC62KOvhFdbKz8rgDcVXqiEHinZ0Zy3uJSMkX+Qfx92QzV0loJEPIYNG7hmTbILcJhSXpTygIga+bGtGX9Qszc=
OwgR2/VNyB7FhBqPmiiVkV9Cv01iAHrehzyg3SQ9nqN8ygwQ6x37zJIqMBlW0eC62KOvhFdbKz8rgDcVXqiEHinZ0Zy3uJSMkX+QexZhRDV0loJEPIYNG7hmTbgJcJhSXpTygIga+bGtGX9Qszc=
vN5FG9+o7gpvKgRkSqbRk9J4EyYSiiqIaWNhRrfrZyCI6jCuwHg7HVbV6M7Ilkdgdz9DC/t0/1Ee7Ezq+W25+BdcfDgBCxj/luXMQeQiaqCc4mWvaJKF+Uk0UKaOoJrkqP4Rhb1td1SzMw==
W418uSHtrKdRIIzORxPamM3s/Ehaj+B4MwOLelOD/txilBPEHUMe7Mm//BmTzt+is9h5ALEHpOnm3QGzZA==
TREBSEiW49frQvxfQYHS4QG4c/tbYlPo9idUyIe7N/rvO0ps1jy/ZLHrSjydZ6DZzxaLcucwFeDd79AZkiV9sxg=
/v7s5xA2SsOcxS68Hu1ZwwCidflAcFPo9idUyIe7N/rvO0ps1jy/ZLHrSjydZ6DZzxaLcucwFeDd79AZkiV9sxg=
DEOW5GpZxh91zhHhDFo4wPnop4oJw5QlVWQs0xlqg0MsHvIZ8bV+1icHXf7T1spSUyBidwYbZuGM1JgQlWEsJVew9GOZqLAfHRBUOoAzTvq7oU7Y/gkMaOExkAApnS+OjWlG4uaymBT1u6Ufe1KzKQ==
bI76UC0ATT2cHfYdDYPKQtG70I+EsA6KxURPr7Y22NeMyQs5SvgaglyK1XcIqlWQz9wJn274Kgzo1uHdHZUnfLMb
iZ8cPZJs//jQ/eQtWEzPt82xuyS5qEoxw4I5U1ZvI1jTMHsafWUomHE+w4/0+gKFeQHeul9DDcL7wspeSwRSK05vBk00UAjsfbXsaQ/UhH+RnJDz5dSEhiinznYjBf4ENv3sRNk1gHxBy2tCVI22fm4GOHiN//UjU0azJQ==
bHXHMcfNGwzWRRuKOQdi7tG70I+EsA6KxURPr7Y22NeMyQs5SvgaglyK1XcIqlWRy9wIn274Kgzo1uHdHZUnfLMb
XtSjz822vd8WPUJsrd8cHjT2+FW7pmre2fVRTaACL1wk9CtvyLQv0xp7dao4uqX0TzCHC7Lx4NEHs2I=
7BXH/+OU9KtKCWKbgYtF84YgOMJxdxrhIlhu8h+NTGCxiXBoGUerRpwR5kqWqlicJYPF98sKs2E=
rSkUDPJwuZDjekln7vKAS6/i2nZC2NuwU0Eso66Udf4IWHDAUJnzvQR6nsH1EyQePYSaGnGEWdsvxazsSf2gdBFs6uoEhZa2/q54UJ03VasDbrMN
zt9sb59qFPu6JgQOKCkcpLqGAQZMuHG8IopFEL6JKsSol4NDMQkwrbfvjJADVyKDnyxxwbCN7HqgPFArVUPkzl20mioRR5aPlTUsnOkt4CTxXOra5NXWZl7e+KA9Z5V7Y16zPQ==
huFxefBSd3URP0eB92WNHR4098ViVpi9VcFePjAgKYo9eHyj5mAl7/26JW9oROQ4tXTbDzj037MNeGWKCPoVVP+wF6viMbAxd7MS
KKBzE54pKu0nnExvOwHfxikfg7d6/hliED4MWyvL4NAOT3mBjHjJ3trEDWZhzSvPnMIlD+gyxRxPVJgHDgBaxKge0eU9jTd0sxM=
X/kzjNxz5P5bfCPDBfEAlG3JlUViWtayizUMB8odVLff4q52xXOyGwBtqelsUPnG2tw9XY6h4ffcOnWnSFo1hM/M6O+uqIq8aCaBDV2lB2yzCw==
/6LCov1IqnXImaGDmeTW/gG4c/lcaFLo9idUyIe7N/rvO0ps1jy/ZLHrSjydZ6Xfzx6KcucwFeDd79AZkiV9sxg=
HhZIlBJqW+JJtpg9e2MeOigfg7d6/hliED4MWyvL4NAOT3mBjHjJ3trEDWZhzSvPnMIlD+gyxRtPVJgHDgBaxKge0eU9jTd0sxM=
S9WIg/jw5Qh15mwHccSRfW3JlUViWtayizUMB8odVLff4652xXOyGwBtqelsUPnG2tw9XY6h4ffcOnWnSFo1g8/M6O+uqIq8aCaBDV2lB2yzCw==
Yn35TEGjIC9wGwh/qeAn2FSmdOxHYiD2vidD1J6Mc+C6LFl3zja/ZLHrSjydZ6bbzx2KcucwFeDd79AZkiV9sxg=
bvAj/RW/rkQ1i0E5lhdgXhkg1ohvMgffWlSluprblPNCbBzL4u8HJPoU/2A2tL0HCn5jRI3jTiz5n+obg6Uu4mO46YABpxQptj1xsxQ=
b9imSBKpkrOIWVTUSxOrXgUoysFwJRbeFUP37NTVm/tDYF/A4u8HJPoU/2A2tL0HCn5jRI3jTiz5n+gbg6Uu4mO46YABpxQptj1xsxQ=
DweYbfi+F4q55tgr0G1UgwNb46QZaifFutF26U2jA6antAp26LkRYgDVdh5AFZLQ6y1EejxmzXs4ho3fC5DTM950suCIOrkRLbk/cLMX
UBh2ULwaHdDdjaC6p08/qCZ52hnPusrw5/v8Y1c0+diChEgtaPzTEabQvBWHOA/e1rCYWyVsGO8ayIBHdm5jp/gc7CSZlQCcgelrYpdtNt4uZjiYTV91QxNmswU=
eyNQObzZsvXwdtmD+pxz0W0EnqYvsmIkFmdLEnfA4tJIHXmWkGH+msCRGmR72SzenMIlD+gyxRtLVJsHDgBaxKge0eU9jTd0sxM=
UmTj7r71MZARCTAtZQNKFSZ52xnPusrw5/v8Y1c0+diChEgtaPzTEabQvBWHOA/e1rCYWyVsGO8ayIBHdm5jp/gc7CSZlQCcgelrYpdtNt4uZjiYTV91QxNmswU=
Ze57RMP/S8rx9wznAA+j9G0EnqYvsmIkFmdLEnfA4tJIHXmWkGH+msCRGmR72SzenMIlD+gyxRZLVJsHDgBaxKge0eU9jTd0sxM=
ge8PMlyOSCO4lFy00qOqrSZ52hnPusrw5/v8Y1c0+diChEgtaPzTEabQvBWHOA/e1rCYWyVsGO8ayIBHdm5jp/gc7CSZlQCcgeRrYpdtNt4uZjiYTV91QxNmswU=
oNwxn7ifFTxZjORbEHR6uAC4c/lcaFLo9idUyIe7N/rvO0ps1jy/ZLHrSjydZ6Pazx2KcucwFeDd79AZkiV9sxg=
SVumIiVZHB/eNe3Jps8l3RfMBUkk56RoMo3o+dnoK53GnZ31REA7MuKx/eiJfeYI8Vu2ji3XBuXA/W12Jw3+LpT2zD52oH+kUzSD/wCUFwNm/835wNptZCfwrzt6kXhhX7M6
Vkvxut/N0+C2hs/ycuRbQRfMBUkk56NoMo3o+dnoK53Hi43sWmZIffnl7KqYdvof/EeH6zyVB+bd9H12Jw3+LpD/2zl2oH+kUzSD/wCUFwNs/835wNptZCfwrzt6kXhhX7M6
oqPR++qcwZCMwNETq2EvIVSmdOxHYiD2pCFDyIaNc+C7Nl930i6+ZLHrSjydZ6XazxyKcucwFeDd79AZkiV9sxg=
7sc5oEMH8sGjfCVVQr+5wxkg1ohvMgffWlSluprblPNCbBzL+OkHOOIV/2A3rrsHFmZiRI3jTiz5n+kag6Qu4mO46YABpxQptj1xsxQ=
zh7R83MSOtHEn9U9Dk/aWSd52xnPusrw5/v8Y1c0+diChEgtaPzTEabQvBWHOA/e1rCYQSNsBPcbyIBGbGhju+Ad7CSZlQCcge5qYpZtNt4uZjiYTV91QxNmswU=
qFwyxx8OlUBYgd/OpjoaOG0EnqYvsmIkFmdLEnfA4tJIB3+WjHn/msCQAGJ7xTTfnMIlD+gyxR1KVJoHDgBaxKge0eU9jTd0sxM=
qSYIP90FhV/WcGcRAI3B1id52hnPusrw5/v8Y1c0+diChEgtaPzTEabQvBWHOA/e1rCYQSNsBPcbyIBGbGhju+Ad7CSZlQCcge9qYpZtNt4uZjiYTV91QxNmswU=
qFwyxx8OlUBYgd/OpjoaOG0EnqYvsmIkFmdLEnfA4tJIB3+WjHn/msCQAGJ7xTTfnMIlD+gyxR1KVJoHDgBaxKge0eU9jTd0sxM=
SFMzwqYKdkzTr47/KTYu5yd52RnPusrw5/v8Y1c0+diChEgtaPzTEabQvBWHOA/e1rCYQSNsBPcbyIBGbGhju+Ad7CSZlQCcge9qYpZtNt4uZjiYTV91QxNmswU=
qFwyxx8OlUBYgd/OpjoaOG0EnqYvsmIkFmdLEnfA4tJIB3+WjHn/msCQAGJ7xTTfnMIlD+gyxR1KVJoHDgBaxKge0eU9jTd0sxM=
H168MvMwJnvzukJT9d6Soid52BnPusrw5/v8Y1c0+diChEgtaPzTEabQvBWHOA/e1rCYQSNsBPcbyIBGbGhju+Ad7CSZlQCcge9qYpZtNt4uZjiYTV91QxNmswU=
HDX5Fux3MLRsuUSxxnkIk20EnqYvsmIkFmdLEnfA4tJIB3+WjHn/msCQAGJ7xTTfnMIlD+gyxRpKVJoHDgBaxKge0eU9jTd0sxM=
3q13IVuApP3FTrX6dsSSvCd53xnPusrw5/v8Y1c0+diChEgtaPzTEabQvBWHOA/e1rCYQSNsBPcbyIBGbGhju+Ad7CSZlQCcgehqYpZtNt4uZjiYTV91QxNmswU=
HDX5Fux3MLRsuUSxxnkIk20EnqYvsmIkFmdLEnfA4tJIB3+WjHn/msCQAGJ7xTTfnMIlD+gyxRpKVJoHDgBaxKge0eU9jTd0sxM=
ocEUJ4+c/zwcwPRB5t6jbyd53hnPusrw5/v8Y1c0+diChEgtaPzTEabQvBWHOA/e1rCYQSNsBPcbyIBGbGhju+Ad7CSZlQCcgehqYpZtNt4uZjiYTV91QxNmswU=
Vr0hPUYbmQVtfEdKf4w7kW0EnqYvsmIkFmdLEnfA4tJIB3+WjHn/msCQAGJ7xTTfnMIlD+gyxRtKVJoHDgBaxKge0eU9jTd0sxM=
8mwYBZ+UNA6osxCm4Sx3Byd52hnPusrw5/v8Y1c0+diChEgtaPzTEabQvBWHOA/e1rCYQSNsBPcbyIBGbGhju+Ad7CSZlQCcgelqYpZtNt4uZjiYTV91QxNmswU=
Vr0hPUYbmQVtfEdKf4w7kW0EnqYvsmIkFmdLEnfA4tJIB3+WjHn/msCQAGJ7xTTfnMIlD+gyxRtKVJoHDgBaxKge0eU9jTd0sxM=
n28EHCyI20yEc6ogC/BVzid52xnPusrw5/v8Y1c0+diChEgtaPzTEabQvBWHOA/e1rCYQSNsBPcbyIBGbGhju+Ad7CSZlQCcgelqYpZtNt4uZjiYTV91QxNmswU=
Vr0hPUYbmQVtfEdKf4w7kW0EnqYvsmIkFmdLEnfA4tJIB3+WjHn/msCQAGJ7xTTfnMIlD+gyxRtKVJoHDgBaxKge0eU9jTd0sxM=
k8pLVQ2/5Q1w0B9BqxhE6Sd52RnPusrw5/v8Y1c0+diChEgtaPzTEabQvBWHOA/e1rCYQSNsBPcbyIBGbGhju+Ad7CSZlQCcgelqYpZtNt4uZjiYTV91QxNmswU=
lutj4BPrYb3hP9HBVB7Brm0EnqYvsmIkFmdLEnfA4tJIB3+WjHn/msCQAGJ7xTTfnMIlD+gyxRhKVJoHDgBaxKge0eU9jTd0sxM=
XW30qZVBOVQRKvBL4ZOnHyd53xnPusrw5/v8Y1c0+diChEgtaPzTEabQvBWHOA/e1rCYQSNsBPcbyIBGbGhju+Ad7CSZlQCcgepqYpZtNt4uZjiYTV91QxNmswU=
lutj4BPrYb3hP9HBVB7Brm0EnqYvsmIkFmdLEnfA4tJIB3+WjHn/msCQAGJ7xTTfnMIlD+gyxRhKVJoHDgBaxKge0eU9jTd0sxM=
/J2ouihSTrEVzazLsCRaISd53hnPusrw5/v8Y1c0+diChEgtaPzTEabQvBWHOA/e1rCYQSNsBPcbyIBGbGhju+Ad7CSZlQCcgepqYpZtNt4uZjiYTV91QxNmswU=
lutj4BPrYb3hP9HBVB7Brm0EnqYvsmIkFmdLEnfA4tJIB3+WjHn/msCQAGJ7xTTfnMIlD+gyxRhKVJoHDgBaxKge0eU9jTd0sxM=
/J2ouihSTrEVzazLsCRaISd53hnPusrw5/v8Y1c0+diChEgtaPzTEabQvBWHOA/e1rCYQSNsBPcbyIBGbGhju+Ad7CSZlQCcgepqYpZtNt4uZjiYTV91QxNmswU=
J/taIulhpDiALt/mqppub20EnqYvsmIkFmdLEnfA4tJIB3+WjHn/msCQAGJ7xTTfnMIlD+gyxRlKVJoHDgBaxKge0eU9jTd0sxM=
bqIusBtsu1LAh2UB/Af85Sd52hnPusrw5/v8Y1c0+diChEgtaPzTEabQvBWHOA/e1rCYQSNsBPcbyIBGbGhju+Ad7CSZlQCcgetqYpZtNt4uZjiYTV91QxNmswU=
J/taIulhpDiALt/mqppub20EnqYvsmIkFmdLEnfA4tJIB3+WjHn/msCQAGJ7xTTfnMIlD+gyxRlKVJoHDgBaxKge0eU9jTd0sxM=
bqIusBtsu1LAh2UB/Af85Sd52hnPusrw5/v8Y1c0+diChEgtaPzTEabQvBWHOA/e1rCYQSNsBPcbyIBGbGhju+Ad7CSZlQCcgetqYpZtNt4uZjiYTV91QxNmswU=
uLFuksfr+vvotYelqzCK8W0EnqYvsmIkFmdLEnfA4tJIB3+WjHn/msCQAGJ7xTTfnMIlD+gyxRZKVJoHDgBaxKge0eU9jTd0sxM=
3cSGLtCMtdiSHcU1fIXvVSd52xnPusrw5/v8Y1c0+diChEgtaPzTEabQvBWHOA/e1rCYQSNsBPcbyIBGbGhju+Ad7CSZlQCcgeRqYpZtNt4uZjiYTV91QxNmswU=
uLFuksfr+vvotYelqzCK8W0EnqYvsmIkFmdLEnfA4tJIB3+WjHn/msCQAGJ7xTTfnMIlD+gyxRZKVJoHDgBaxKge0eU9jTd0sxM=
3cSGLtCMtdiSHcU1fIXvVSd52xnPusrw5/v8Y1c0+diChEgtaPzTEabQvBWHOA/e1rCYQSNsBPcbyIBGbGhju+Ad7CSZlQCcgeRqYpZtNt4uZjiYTV91QxNmswU=
YZVNB5hGX/yp7aS3pCUs+G0EnqYvsmIkFmdLEnfA4tJIB3+WjHn/msCQAGJ7xTTfnMIlD+gyxRdKVJoHDgBaxKge0eU9jTd0sxM=
9Z/RFXP6oGd5d9w/RILf3yd52hnPusrw5/v8Y1c0+diChEgtaPzTEabQvBWHOA/e1rCYQSNsBPcbyIBGbGhju+Ad7CSZlQCcgeVqYpZtNt4uZjiYTV91QxNmswU=
PiRioaZc6ori3lMt3GAQRM2xuyS5qEoxw4I5U1ZvI1jTMHsafWUomHE+w4/0+gKFeQHeul9DDcL7wspeSwRSK05vBk00UAjsfbXsaQ/UhH+RnJDz5dSEhiinznYjBf4ENv3sRNk1gHxBzm9CVo22fm4GOHiN//UjU0azJQ==
2vJUpnth7QB9iIRePAIuq9G70I+EsA6KxURPr7Y22NeMyQs5SvgaglyK1XcIqlWUz9wKn274Kgzo1uHdHZUnfLMb
fznLqxvD70c5vlk9qe5OvtwQhTciQTjkAUsa/O2Htt7fPLoyN1DlYE1PYNnCxQ2zaA==
K9O3TYbiUkJQ8kKNNINRTzT2+FW7pmre2fVRTaACL1wk9CtvyLQv0xx+dag4uqX0TzCHC7Lx4NEHs2I=
g0jd5Ja/E/zHJPJK35n7cIYgOMJxdxrhIlhu8h+NTGCxiXBoGUGuRp4R5kqWqlicJYPF98sKs2E=
Jzy5f8afhRTmpNZoFrZWhO3Gqw31jDM+uon+BXMQWs7wtWUvJQdpky/bDlCkP+wtk6yVAxsnDAn68zVKXpu4hRL0S69oNI+T/H5VaFg6xTRvMGdLUnFAEWezAg==
dJBfcoBIdZIoAaDzsPRhTci/MAxwmZ2oNBJexavzaz+nzwE7IEyqB+Ixndy7H3Uf4lW0M3sWsCPWGbyExTPmjAEPUp77NJaCi+ihQEmXPEmuDWmzDA==
