JtRRa9nR5Rw3mYB5BdY08GzOwftPWbqxwF92CWuKiv1VyjIoMoTxGFyNhJJo/WO99dc4sYqNDuQhi7p8TUeQ2L/32rJXkIVgLY8AWaIFbbMI
XL5LRPHMRVzjouaVGd6m7t/4242Yog+Y1FQMv6lj2N23iAxpRuYQl1yK1XcIqlWeyNwBn274Kgzo1uHdHZUnfLMb
x2CwJqtDN57yQMsX/1+B//aEJ1eNrSoBhh6IHc/VDwesVF1eWt65kPkuSkoYFZvhkQm2gJ9cU/lIlmdcdNDki7mXkHk3LESdVtL4E/xOvUPY3t07iPgJ675MQsjI0glpjWFvWLM/
D3C59YhRYo+rHKHw2cP4mjHe5PvT78cgcdnVP5ldSWWkHx8aHX/Ntemwg0BOVRSlRuRRb28l1JRBTSVcOzqu3ahyWBdPYmB6teI6BHXTVswx70qY6x/mwntI0cDZN2yJfm1Zszw=
QEKDz+LOKNYt5apWI6SIyRd+YCxRRiViWuLBrAkSMvb4qeNdYbXOPF9gK8W4qh9glOycN0kr6MW3kDwhpm6ALxxyxX8o4qUHSERxV07wOnQobnFVfV0XZLMD
fNa8TNnbqEZ8M13l+dYCtQNa5PIeq3ADdE8tZlrmybgZBhoS2M3LiTHhBvgfpOOR6H63BDQINKPZv2BBNxS0tTb6KMu8Fm2reLZtwwiAuQMeJBIQCIpZQW1JH2CzBw==
l7bCD23bZgpZgA1riIZYhnM1mRjFp93noeDaZE02kZyGhEg/f/eJC6qevwaHPwDEy7LEWmB9AfUsh/dWcHt+oPQd7CSZlQCcgeVoYp1tNt4uZjiYTV91QxNmswU=
rSjUqW6h0dKlf0WLp5b/ijHe5PvT78cgcdnVP5ldSWW/Hx8aHX/Ntemwg0BOVRSlRuRRb28l1JRBTSVcOzqu3ahyWBdPYmB6teI6BHXTVswx70qY6x/mwntI0cDZN2yJfm1Zszw=
vPfr37EEcrtmI8D6w40HqCqQgr5PBvfyhwt4H2+KivtkhGg5PImwchiHk4Jk0C21+J48s6qBGOQhi7p8TUee2L/32rJXkIVgLY8AWaIFbbMI
CcFr7ZonPc10JGXoo+vx8UhCnlVjcZADWavYOnaDYxxeCAfETksGeXE9tjYLk/iGhHDVUR+s4QESWY2w3c2Z0ZXcvpipmKibvq0J2lYd6sVdWvIWUVBdHjM8I8sLOlJMa5VgVZyUD5d0xCMbmDlxarSKWUwrEGOT7uEsWUOzJg==
P80D5cwYdhO4oeULSBTz30I44M1gQbPNEcBvPnR/Po4LNmaj5mAl7/26JW95Reg1pHTbDzj037MMeWWCCPoVVP+wF6viMbAxd7MS
ippAs5EfV96Dz1SJ1IorHk7U+dZKIGn07WlZpuQEMAQYVSPJ3Mb+JV2/1IqFGBqe+QjJb7c5DEihkRCgabkprsTJxkKmkpg0tRslvztyswk=
y2oDmJtXegvGKYRFjzse+ygfg7V99BhiED4MWyvL4NAOT3mBjHjJ3trEDWZhzSvPnMIlD+gyxR9JVJAHDgBaxKge0eU9jTd0sxM=
R9IwziegMDX6+n2u0LFnESkFhbdm5hhiED4MWyvL4NAOT3mBjHjJ3trEDWZhzSvPnMIlD+gyxR9JVJAHDgBaxKge0eU9jTd0sxM=
HcznTlJNpdGZHp5NzFwm0GkCkqh89A9iED4MWyvL4NAOT3mBjHjJ3trEDWZhzSvPnMIlD+gyxR9JVJAHDgBaxKge0eU9jTd0sxM=
ta5Lt0DgPzjmwyti11y83wzF4c1AA2nU0XhUoOYEMAQYVSPJ3Mb+JV2/1IqFGBqe+QjJb7c5DEihkRCgabkprsTJxkKmkpg0tRslvztyswk=
DGhqFyIYq7YKNxBB6KwNYhZ8+7TKOrNgzVqOF+Q6ueYUV7yon6s/+ucrQ42ywdak6TvinCXXLllHZnISD2DNoOXf+DmKNXWzEA==
wVcXPdDqYqtggfaxU/ZnJ1qx+kifPJNZyHanPHTwpCs591BZNwyE/dZyuDP8Ln2jWH4dU4kYSEs+LAIoyPLJyQ2BL3izHw==
sDyxIDO2iKD7PRj/Cq0YUlqx+kifPJNZyHKlMnTwpCs591BZNwyE/dZyuDP8Ln2jWH4dU4kYSEs+LAIoyPLJyQ2BL3izHw==
QqLvpu/MzHblAh4A/tZEPJdW/wLJQ/Agt/t9Y47JX////zl11i4dZHk0Y79gFLdDhPntMqBazSQH8M/72hGYIX+zGg==
AcoXonKuC14f3sVDnyLtjTT2+FW7pmre2fVRTaACL1wk9CtvyLQv0xx5daI4uqX0TzCHC7Lx4NEHs2I=
vhzhdDJaGgfLPIfadkxHCYYgOMJxdxrhIlhu8h+NTGCxiXBoGUGpRpQR5kqWqlicJYPF98sKs2E=
YJ5L692TDD5l6nZEYQkbNG+Y23SGvl2Pg/cYta76f1eLdxiRhMDcQC84T1PLm7ms4XB7/gXliOikVA3V1b2/rahueUHENV+wj4cs+CbezDCRmTD4uRaoFjSBplq2+tjMBZOFZ2taszE=
/p+jLS02aMVskRMonTJ4Ryppy9cvmVEZQ08tZlrmybgZBhoS2M3LiTHhBvgfpOOR6H63BDQINKPZv2BBNxS0tTb6KMu8Fm2reLZtyA+AuAMeJBIQCIpZQW1JH2CzBw==
L0Cc9rPIUyka1P8LnA75jfaLvQ4NLLndlWI5kNmhzVqpQJeuzN9WXkN2rtPOQD0f5bo9H2FlwMXstBNf0FRnI3D43Rvzmr2Et3BfmwpRqAFvswo=
ZmqppvuVC06Y8fhLl6tvLhjl3lCs2pJee3FIf4pQOFlQcsfv/qQkMSxt8s4Rm9v8Ym8aaPsut+jW5zRIJ/vX+o/76OI+a45k0SvqvH0ngtiv3ynyB3A14L0vcJlyZV2zOA==
T1NshLr6z6gWmSLHmBuIUl9Cv01iAHuF0ia31j4ss6NK3zlRnU+u0oM7Ck5qha//16KvhFdbKz8rgDcVXqiEXy7Ozoalr5SMkX+QexZhRDV0loJEPIYNG7hmTbgIcJBQXpTygIga+bGtGX9Qszc=
irLwOYQIZtmH8kQMoUYvweVEncJnCC8W2XJmTDpdfp0VbymzpzMaR2NgWBYSJneU5PW9j5Dlal/fBcSum9Jide47dZ/j6qm1kHJaNgJiGJhxuF1ErSPurFlfyRhjZk1ig/iJgOHntKkWfVGzNA==
uaLAS6WMZUhE0nuH2tNCtF9Cv01iAHrehzyg3SQ9nqN8ygwQ6h37zJIqMBlW0eC62KCvhFdbKz8rgDcVXqiEHynZ0Zy3uJSMkX+QexZhRDV0loJEPIYNG7hmTbgIcJBQXpTygIga+bGtGX9Qszc=
x5kGFFclsE2FQicVjBmLKYLKJzMlI3Z/0W83SDzJkhSLsl8SSQH3AWUKwrJpfHep/5fNWhpvehgDCh0Qa9enRfoubfHDORr33ZWVwvCqqa1spdY7MGPcNG6qrAyJnSDU0UboysQmFtY+Tngw3dfVC0NOsy0=
4VxYCesHKyt1EzHbcoDI3AGidflAcFPo9idUyIe7N/rvO0ps1jy/ZLHrSjydZ6XYzx6JcucwFeDd79AZkiV9sxg=
jvzmpt3kNvM/aW2N5Zs28RUEv+8aUqen6d6Zvm+Xxs/WyNh58vcD7femRNBCP/nAFWhnlfeTzVYCW0oEa259PFMDd7ky6q29m01qq3UxNS4IPjkR5CVfoK/XbKiGTkygMclwqJkArwYc0uYKFmpYXKXDxTdLSrMh
org37wLvoSsFe7yKjXHvG7yz5pxai4YnSHIvwFhTzAc1COMosdBrkmFVBKyV0u4bE2UvNBsWJ/WH1cMmk3c+Flil9nia9PVhWEZZOdQ9X6i/70zA9hYMaOExkAApmy+OjGpG4uaymBT1u6Ufe1KzKQ==
Stmg6Nj6C1Ku17OxyHVyxbyz5pxai4YnSHIvwFhTzAc1COMosdBrkmFVBKyV0u4bE2UvNBsWJ/WH1cMmk3c+Flil9nia9PVhWEZZOdQ5Vr+470zA9hYMaOExkAApkS6Oi2pG4uaymBT1u6Ufe1KzKQ==
m4BsG6Q2yjqdW+Wf2XEjsUGlYuZaYkTo9idUyIe7N/rvO0ps1jy/ZLHrSjydZ67ezxmJcucwFeDd79AZkiV9sxg=
E3NKj78b/2VyYF2FzU/5yQ+ewy7QctQXm2e4PG6j4S089FFSWkiV6tFhsyP8Ln2jWH4dUYsYRkg+LAIoyPLJyQ2BL3izHw==
KJsoWVvCHWogAXSSMochyE09y4BfsXEuGi5DFjGezuFAVXmBjHjJ3trEDXVuyTHPnMIlD+gyxR1LVJ4EDgBaxKge0eU9jTd0sxM=
mT4PV4mx1gbzI92BJmLY8+Pzo8be2O6dECzJn9HwhwHEwx9oZVZYtpza1UI2bCgIKOOJi86sid1KqOtJdPJIpjkTcwnA8sm1XLnfNAd7vGxecmzUOcVATGHVa1JyvnaOjpa46O2PtRNzVrM1
Mdfi5Z4ndzELTT+Bs6/YfePzo8be2O6dECzJn9HwhwHEwx9oZVZYtpza1UI2bCgIKOOJi86sid1KqOtJdPJIpjkTcwnA8sm1XL3WIwB7vGxecmzUOcVATGHealJ8vnaOjpa46O2PtRNzVrM1
DKv8SepAmMSb9N2KX+YzNF9Cv01iAHiKlje8yikhr5IvmzhVrxrx6MA8EFxVwLLioLK0lRkZOjIxtyYOS6vQXCD8hcWDu5SMkX+Qfx92QzV0loJEPIYNG7hmTboJcJhQXpTygIga+bGtGX9Qszc=
Pu898qGdrgXmB/rgd5k+1BfMBUkk56NoMo3o+dnoK53Hi43sWmZIffnl7KqYdvof/EeH6zyVB+bd9H12Jw3+LpT2zD52oH+kUzSD/wCUFwNh+M3yw9ptZCfwrzt6kXhhX7M6
u/TRgo7ht5Lgwsl0GvrWlkp6IHCJwj/JwQ7ZtYIi6lydRja5pu6m3o2cjO+ySjQtISVU2sDWEq90xw8blPVfViU0JSYf7dY+mP/TKV7AR3SLdPtP2HS/c+t4RUKrerWUn7D364KxEHFXszI=
0olWiN1iJKm4BGRNPQKnYxAXZoySv/fVc/BMaHfYwAtyENF3cTqp9xy0cJAJ1AdnzKQLC0m7KXNeKiF8I9Drw/YBhCl7sx4=
rsvSCHi8atRoeXd4PRZUbgC4c/tbYlPo9idUyIe7N/rvO0ps1jy/ZLHrSjydZ6/bzx+IcucwFeDd79AZkiV9sxg=
M3qaMjZzjNPkrIfYXjA5WuxEncJnCGxFyGxsbnM6KsMOZQ3muxJfV3NEFBwUbxGbuvX40ZHzZ0f/A96Y/Z47aew7bofg6qm1kHJePxVlGJhxuF1ErSPurFlfyhpjZ0xig/iJgOHntKkWfVGzNA==
Ul8XqtgSUSbupFKz+l7Ob0dX9a5ROXrFvshQplD6RO/7vwh0rusRdRzMQVpaQIXS8TlDazxmzXs4ho3ZCpDQMd50suCIOrkRLbk/cLMX
Laeyb82YmVMftNLoFR2ASy9LOxt+RENdbcPpgnRWafn8ueleb/HOPBAyPN+jvwBSwKXZMUwo6c7a1C0lrnmRPxxyxX8o4qUNSkR4VU7wOnQobnFVfV0XZLMD
QGzIOFIjtWf6dUz/ivld1LSz5pxai4ExQ2wvxl9NzAc1COMosdBrkmFVBKyV0u4bE2UvNBwALOuHz940xzQ6Phe96XiD5v12WEZZOdQ9X6i/70zA9hYMaOExkAApniqOjGtG4uaymBT1u6Ufe1KzKQ==
9cqGGxhLlFk+RG3VOQio/SFOsv9k9YiDL+7zQDPBqhmOjLj3kR3zs++PmtR5l9UzAn59hhznkkYf/eyhc015CmNxM2YCYEwuWCZPFO17vvwEZbPgBu/v6Lanm8jXfvyu67mSao24fmTxa4o83edj2I+eSHKnsNXgnW8QGdKlvbPY
tL7AQJMXiVVzS47U7nC/KtG70I+EsA6KxURPr7Y22NeMyQs5SvgaglyK1XcIqlWSyNwInW74Kgzo1uHdHZUnfLMb
FGeidlasoWLR5vc9GBCzixAmZ6zdgKOGIK9KZleW2gtyENF3cTqp9w21fJ0Y1AdnzKQLC0C5KXBeKiF8I9Drw/YBhCl7sx4=
9mh3HXIYnoaBiXYHQJz1BAnQkbRjHQCkiSOqORALMDu4BcI0h5gYO1rwqWd5OqHn5tpQt0AUf7dkBJN7yDmhwMbKSaybkDOzHiG8OXOzFg==
vNWlUR86Gyt8/tcwnfioak47Lhj+hsbQgftpFg7UjMyAa2Txv3ZJhtXf+cCWnJbrmxMwYQpBJHEG8VX9ISrL5ZnzR6vr14u+Y31athx/V6HSULvsLxSf9wSEczuuP4GAZkrp7LuQE/O+oRx5U7M2
+zMpG6JwS5lb1tI81iV9FhEmZ6zdgKOGIK9KZleW2gtyENF3cTqp9w21fJ0Y1AdnzKQLC0O+KXdeKiF8I9Drw/YBhCl7sx4=
eSSx7SDaHxQMTMSp/1veThAi2Y9wNSSLQF2yq5Lf0qxoYHXIqu8QOOMju3pjo6wSGmNyRI3jTiz5n+keg6Ms4mO46YABpxQptj1xsxQ=
9HZKLLhvQc1g+qsvL2RCG047Lhj+hsbQgftpFg7UjMyAa2Txv3ZJhtXf+cCWnJbrmxMwYQpBJHEG8VX9ISrL5ZnzR6vr14u+Y31athh2QKbSULvsLxSf9wSEczupOYGGZkrp7LuQE/O+oRx5U7M2
emZNA3i6DwBFwQhoNWENijHv6sxgYbHFXBwhqlqw5ROwhe7qvPYtC/jWreoJoPThnoTScAiqGaHt6d8As2c=
PmIkBZ5TB5DOUfqVU2Va7zDv6sxgYbHFXBwhqlqw5ROwhe7qvPYtC/jWreoJoPThnoTScAiqGaHt6d8As2c=
PjI7x4Ig9LgexUlaNgA7jxImZ6zdgKOGIK9KZleW2gtyENF3cTqp9w21fJ0Y1AdnzKQLC0m5KXZeKiF8I9Drw/YBhCl7sx4=
yx/yQCeCj0EAMsfAQBUDpkk//cRAE+bxVMt0c3R3HowjeHyj5mAl7/26JW9qSuwvpHTbDzj037MFeWWOCvoVVP+wF6viMbAxd7MS
w6MphJ2Ga0sASdg3YZZMhzPv6sxgYbHFXBwhqlqw5ROwhe7qvPYtC/jWrekPoPThnoTScAiqGaHt6d8As2c=
VJioHKOSipHe8X57GVhcU/eLvQ4NLLndlWI5kNmhzVqpQJeuzN9WXkN2rtPOQD0f5bo9H2FlwMXstBNf0FRnI3z43R3ymr2Et3BfmwpRqAFvswo=
5kjao5AyOPuNRLF7KuWAaBjl3lCs2pJee3FIf4pQOFlQcsfv/qQkMCxt8s4Rm9v8Ym8aaPsut+jW5zRIJ/vX+o/76OI+a45k0SvqvH0njtiv2SjyB3A14L0vcJlyZV2zOA==
el9yTAY1woR3u41MVC/4Qg6ewy7QctQXm2e4PG6j4S089FFSWkiV6tFhsyP8Ln2jWH4dUY8YR0k+LAIoyPLJyQ2BL3izHw==
0R5PyiBV3/JhXrnQMbY8AU09y4BfsXEuGi5DFjGfzuFAVXmBjHjJ3trEDXVuyTHPnMIlD+gyxR1PVJ8FDgBaxKge0eU9jTd0sxM=
F6s/NeVBHUiFEDJ8aTAQ+Up6IHCJwnPYyhLOpIQfj0zfRzejpf+mworZlO+uUQZ5IBhU3cbWCKh+/Vstx6BXRjgxMSYf7dY+mP/TKV7AR3SLdPtP2HS/c+V6RUyqerWUn7D364KxEHFXszI=
tdnZZZD8wYKbCYnsurpTx19Cv01iAHuKlje8yikhr5IvmjhVrxrx6MA8EFxVwLLioLK0lRkZOjIxtyYOS6vQXCD8hcSDu5SMkX+Qfx92QzV0loJEPIYNG7hmTbsJcJZRXpTygIga+bGtGX9Qszc=
8tsrfcPuVW4FNANtHmoXWUp6IHCJwnPYyhLOpIQfj0zfRzejpf+mworZlO+uUQZ5IBhU3cbWCKh+/Vstx6BXRjgxMSYf7dY+nPbELl7AR3SLdPtP2HS/c+15RUKqerWUn7D364KxEHFXszI=
0EjWRiQ/Mwh33rHkCWQelEp6IHCJwj/JwQ7ZtYIi6l2dRja5pu6m3o2cjO+ySjQtISVU1MDWEq90xw8blPVfViU0JSYf7dY+mP/TKV7AR3SLdPtP2HS/c+55RUKqerWUn7D364KxEHFXszI=
